  5.760000000000001E-002  0.000000000000000E+000
  6.580576000000000E-002  0.000000000000000E+000
  6.940658057600001E-002  0.000000000000000E+000
  6.520694065805760E-002  0.000000000000000E+000
  4.460652069406581E-002  0.000000000000000E+000
  3.500446065206941E-002  0.000000000000000E+000
  3.170350044606521E-002  0.000000000000000E+000
  2.980317035004460E-002  0.000000000000000E+000
  2.910298031703501E-002  0.000000000000000E+000
  3.210291029803170E-002  0.000000000000000E+000
  3.110321029102980E-002  0.000000000000000E+000
  3.340311032102911E-002  0.000000000000000E+000
  3.860334031103211E-002  0.000000000000000E+000
  4.000386033403111E-002  0.000000000000000E+000
  3.990400038603340E-002  0.000000000000000E+000
  3.980399040003861E-002  0.000000000000000E+000
  3.900398039904001E-002  0.000000000000000E+000
  3.350390039803991E-002  0.000000000000000E+000
  3.270335039003981E-002  0.000000000000000E+000
  2.630327033503900E-002  0.000000000000000E+000
  2.050263032703351E-002  0.000000000000000E+000
  1.780205026303270E-002  0.000000000000000E+000
  1.860178020502630E-002  0.000000000000000E+000
  1.670186017802050E-002  0.000000000000000E+000
  1.160167018601780E-002  0.000000000000000E+000
  1.290116016701860E-002  0.000000000000000E+000
  1.260129011601670E-002  0.000000000000000E+000
  1.080126012901160E-002  0.000000000000000E+000
  7.201080126012902E-003  0.000000000000000E+000
  5.300720108012602E-003  0.000000000000000E+000
  3.900530072010801E-003  0.000000000000000E+000
  2.100390053007201E-003  0.000000000000000E+000
  7.002100390053008E-004  0.000000000000000E+000
  1.000700210039005E-004  0.000000000000000E+000
  2.000100070021004E-004  0.000000000000000E+000
  3.000200010007002E-004  0.000000000000000E+000
  3.000200010007002E-008  0.000000000000000E+000
  3.000200010007002E-012  0.000000000000000E+000
  3.000200010007002E-016  0.000000000000000E+000
  3.000200010007002E-020  0.000000000000000E+000
